<?xml version="1.0" encoding="UTF-8"?>
<!-- Generated by org.testng.reporters.JUnitReportReporter -->
<testsuite name="testcasesbigin.AutoLoginTestCase" tests="5" time="37.764" ignored="0" failures="0" timestamp="15 Aug 2021 03:14:49 GMT" skipped="0" hostname="dell-PC" errors="0">
  <testcase name="checkTestThree" time="5.768" classname="testcasesbigin.AutoLoginTestCase"/>
  <testcase name="checkTestFour" time="5.712" classname="testcasesbigin.AutoLoginTestCase"/>
  <testcase name="checkTestFive" time="15.104" classname="testcasesbigin.AutoLoginTestCase"/>
  <testcase name="checkTestTwo" time="6.761" classname="testcasesbigin.AutoLoginTestCase"/>
  <testcase name="checkTestOne" time="4.419" classname="testcasesbigin.AutoLoginTestCase"/>
</testsuite> <!-- testcasesbigin.AutoLoginTestCase -->
