<?xml version="1.0" encoding="UTF-8"?>
<!-- Generated by org.testng.reporters.JUnitReportReporter -->
<testsuite name="testcasesbigin.SignuppTestCase" tests="3" time="0.010" ignored="0" failures="0" timestamp="14 Aug 2021 17:26:49 GMT" skipped="0" hostname="dell-PC" errors="0">
  <testcase name="checkTestTwo" time="0.003" classname="testcasesbigin.SignuppTestCase"/>
  <testcase name="checkTestThree" time="0.004" classname="testcasesbigin.SignuppTestCase"/>
  <testcase name="checkTestfour" time="0.003" classname="testcasesbigin.SignuppTestCase"/>
</testsuite> <!-- testcasesbigin.SignuppTestCase -->
