<?xml version="1.0" encoding="UTF-8"?>
<!-- Generated by org.testng.reporters.JUnitReportReporter -->
<testsuite name="testcasesbigin_demo1.AdminTestCase2" tests="2" time="0.010" ignored="0" failures="0" timestamp="16 Aug 2021 07:11:32 GMT" skipped="0" hostname="dell-PC" errors="0">
  <testcase name="checkErrorMsgAdmin4" time="0.010" classname="testcasesbigin_demo1.AdminTestCase2"/>
  <testcase name="checkErrorMsgAdmin2" time="0.000" classname="testcasesbigin_demo1.AdminTestCase2"/>
</testsuite> <!-- testcasesbigin_demo1.AdminTestCase2 -->
