<?xml version="1.0" encoding="UTF-8"?>
<!-- Generated by org.testng.reporters.JUnitReportReporter -->
<testsuite name="testcasesbigin_demo1.CustomerTestCase1" tests="2" time="0.011" ignored="0" failures="0" timestamp="16 Aug 2021 07:11:32 GMT" skipped="0" hostname="dell-PC" errors="0">
  <testcase name="checkErrorMsgCostomer2" time="0.006" classname="testcasesbigin_demo1.CustomerTestCase1"/>
  <testcase name="checkErrorMsgCustomer1" time="0.005" classname="testcasesbigin_demo1.CustomerTestCase1"/>
</testsuite> <!-- testcasesbigin_demo1.CustomerTestCase1 -->
